Start testing: Dec 07 12:17 CET
----------------------------------------------------------
1/1 Testing: pong
1/1 Test: pong
Command: "/user/6/.base/yoeungm/home/ensimag_2/Systeme_exploitation/TPs/TP4/ensimag-shmem/tests/fourpong.pl"
Directory: /user/6/.base/yoeungm/home/ensimag_2/Systeme_exploitation/TPs/TP4/ensimag-shmem/build
"pong" start time: Dec 07 12:17 CET
Output:
----------------------------------------------------------
<end of output>
Test time =  13.33 sec
----------------------------------------------------------
Test Passed.
"pong" end time: Dec 07 12:17 CET
"pong" time elapsed: 00:00:13
----------------------------------------------------------

End testing: Dec 07 12:17 CET
